<?xml version="1.0" encoding="UTF-8"?>
<!-- Generated by org.testng.reporters.JUnitReportReporter -->
<testsuite skipped="0" hostname="DESKTOP-6N1LFDK" name="com.jerry.mytest.CalculatorTest" tests="4" failures="0" timestamp="12 六月 2019 11:20:57 GMT" time="0.023" errors="0">
  <testcase name="testSubstract" time="0.003" classname="com.jerry.mytest.CalculatorTest"/>
  <testcase name="testAdd" time="0.013" classname="com.jerry.mytest.CalculatorTest"/>
  <testcase name="testMultiply" time="0.004" classname="com.jerry.mytest.CalculatorTest"/>
  <testcase name="testDivide" time="0.003" classname="com.jerry.mytest.CalculatorTest"/>
</testsuite> <!-- com.jerry.mytest.CalculatorTest -->
